<?xml version="1.0" encoding="UTF-8"?>
<testng-results skipped="0" failed="0" total="1" passed="1">
  <reporter-output>
    <line>
      <![CDATA[Opening Gmail in firefox]]>
    </line>
    <line>
      <![CDATA[Changes done in Github]]>
    </line>
    <line>
      <![CDATA[Changes done in eclips to  Github]]>
    </line>
    <line>
      <![CDATA[Opening Github in Chrome]]>
    </line>
    <line>
      <![CDATA[Changes done in Github]]>
    </line>
  </reporter-output>
  <suite name="Suite" duration-ms="53128" started-at="2016-08-17T09:29:49Z" finished-at="2016-08-17T09:30:42Z">
    <groups>
    </groups>
    <test name="Test" duration-ms="53128" started-at="2016-08-17T09:29:49Z" finished-at="2016-08-17T09:30:42Z">
      <class name="com.githubJenkins.GitJen.GithubJenkinsClass">
        <test-method status="PASS" signature="DynamicElements()[pri:0, instance:com.githubJenkins.GitJen.GithubJenkinsClass@8dacdf]" name="DynamicElements" duration-ms="53118" started-at="2016-08-17T14:59:49Z" finished-at="2016-08-17T15:00:42Z">
          <reporter-output>
            <line>
              <![CDATA[Opening Gmail in firefox]]>
            </line>
            <line>
              <![CDATA[Changes done in Github]]>
            </line>
            <line>
              <![CDATA[Changes done in eclips to  Github]]>
            </line>
            <line>
              <![CDATA[Opening Github in Chrome]]>
            </line>
            <line>
              <![CDATA[Changes done in Github]]>
            </line>
          </reporter-output>
        </test-method> <!-- DynamicElements -->
      </class> <!-- com.githubJenkins.GitJen.GithubJenkinsClass -->
    </test> <!-- Test -->
  </suite> <!-- Suite -->
</testng-results>
